2025-08-22 15:22:21,772 - INFO - Found 18 CSV files to process
2025-08-22 15:22:21,776 - INFO - Processing file: 20250820_162157_DataPM_result_batch_1.csv
2025-08-22 15:22:21,825 - INFO - Analyzing 10 records for absolute duplicates...
2025-08-22 15:22:21,831 - INFO - No absolute duplicates found
2025-08-22 15:22:21,833 - INFO - Analyzing 10 records for similar duplicates...
2025-08-22 15:22:21,834 - WARNING - Not enough key fields for similarity analysis
2025-08-22 15:22:21,921 - INFO - Processing file: 20250820_162157_DataPM_result_batch_2.csv
2025-08-22 15:22:21,937 - INFO - Analyzing 10 records for absolute duplicates...
2025-08-22 15:22:21,940 - INFO - No absolute duplicates found
2025-08-22 15:22:21,941 - INFO - Analyzing 10 records for similar duplicates...
2025-08-22 15:22:21,942 - WARNING - Not enough key fields for similarity analysis
2025-08-22 15:22:21,947 - INFO - Processing file: 20250821_013418_DataPM_result_batch_1.csv
2025-08-22 15:22:21,960 - INFO - Analyzing 10 records for absolute duplicates...
2025-08-22 15:22:21,963 - INFO - No absolute duplicates found
2025-08-22 15:22:21,965 - INFO - Analyzing 10 records for similar duplicates...
2025-08-22 15:22:21,966 - WARNING - Not enough key fields for similarity analysis
2025-08-22 15:22:21,973 - INFO - Processing file: 20250821_013418_DataPM_result_batch_2.csv
2025-08-22 15:22:21,988 - INFO - Analyzing 10 records for absolute duplicates...
2025-08-22 15:22:21,992 - INFO - No absolute duplicates found
2025-08-22 15:22:21,993 - INFO - Analyzing 10 records for similar duplicates...
2025-08-22 15:22:21,993 - WARNING - Not enough key fields for similarity analysis
2025-08-22 15:22:22,003 - INFO - Processing file: 20250821_013418_DataPM_result_batch_3.csv
2025-08-22 15:22:22,019 - INFO - Analyzing 10 records for absolute duplicates...
2025-08-22 15:22:22,022 - INFO - No absolute duplicates found
2025-08-22 15:22:22,023 - INFO - Analyzing 10 records for similar duplicates...
2025-08-22 15:22:22,024 - WARNING - Not enough key fields for similarity analysis
2025-08-22 15:22:22,031 - INFO - Processing file: 20250821_013418_DataPM_result_batch_4.csv
2025-08-22 15:22:22,044 - INFO - Analyzing 2 records for absolute duplicates...
2025-08-22 15:22:22,047 - INFO - No absolute duplicates found
2025-08-22 15:22:22,050 - INFO - Analyzing 2 records for similar duplicates...
2025-08-22 15:22:22,050 - WARNING - Not enough key fields for similarity analysis
2025-08-22 15:22:22,059 - INFO - Processing file: 20250821_163730_DataPM_result_batch_1.csv
2025-08-22 15:22:22,076 - INFO - Analyzing 10 records for absolute duplicates...
2025-08-22 15:22:22,078 - INFO - No absolute duplicates found
2025-08-22 15:22:22,079 - INFO - Analyzing 10 records for similar duplicates...
2025-08-22 15:22:22,080 - WARNING - Not enough key fields for similarity analysis
2025-08-22 15:22:22,138 - INFO - Processing file: 20250821_163730_DataPM_result_batch_2.csv
2025-08-22 15:22:22,151 - INFO - Analyzing 4 records for absolute duplicates...
2025-08-22 15:22:22,154 - INFO - No absolute duplicates found
2025-08-22 15:22:22,155 - INFO - Analyzing 4 records for similar duplicates...
2025-08-22 15:22:22,156 - WARNING - Not enough key fields for similarity analysis
2025-08-22 15:22:22,160 - INFO - Processing file: 20250822_103348_DataPM_result_batch_1.csv
2025-08-22 15:22:22,174 - INFO - Analyzing 10 records for absolute duplicates...
2025-08-22 15:22:22,176 - INFO - No absolute duplicates found
2025-08-22 15:22:22,177 - INFO - Analyzing 10 records for similar duplicates...
2025-08-22 15:22:22,177 - WARNING - Not enough key fields for similarity analysis
2025-08-22 15:22:22,185 - INFO - Processing file: 20250822_103348_DataPM_result_batch_2.csv
2025-08-22 15:22:22,194 - INFO - Analyzing 10 records for absolute duplicates...
2025-08-22 15:22:22,199 - INFO - No absolute duplicates found
2025-08-22 15:22:22,201 - INFO - Analyzing 10 records for similar duplicates...
2025-08-22 15:22:22,202 - WARNING - Not enough key fields for similarity analysis
2025-08-22 15:22:22,208 - INFO - Processing file: 20250822_103348_DataPM_result_batch_3.csv
2025-08-22 15:22:22,222 - INFO - Analyzing 10 records for absolute duplicates...
2025-08-22 15:22:22,225 - INFO - No absolute duplicates found
2025-08-22 15:22:22,226 - INFO - Analyzing 10 records for similar duplicates...
2025-08-22 15:22:22,227 - WARNING - Not enough key fields for similarity analysis
2025-08-22 15:22:22,235 - INFO - Processing file: 20250822_103348_DataPM_result_batch_4.csv
2025-08-22 15:22:22,247 - INFO - Analyzing 10 records for absolute duplicates...
2025-08-22 15:22:22,251 - INFO - No absolute duplicates found
2025-08-22 15:22:22,252 - INFO - Analyzing 10 records for similar duplicates...
2025-08-22 15:22:22,252 - WARNING - Not enough key fields for similarity analysis
2025-08-22 15:22:22,259 - INFO - Processing file: 20250822_103348_DataPM_result_batch_5.csv
2025-08-22 15:22:22,276 - INFO - Analyzing 10 records for absolute duplicates...
2025-08-22 15:22:22,278 - INFO - No absolute duplicates found
2025-08-22 15:22:22,278 - INFO - Analyzing 10 records for similar duplicates...
2025-08-22 15:22:22,279 - WARNING - Not enough key fields for similarity analysis
2025-08-22 15:22:22,290 - INFO - Processing file: 20250822_143048_DataPM_result_batch_1.csv
2025-08-22 15:22:22,304 - INFO - Analyzing 10 records for absolute duplicates...
2025-08-22 15:22:22,308 - INFO - No absolute duplicates found
2025-08-22 15:22:22,310 - INFO - Analyzing 10 records for similar duplicates...
2025-08-22 15:22:22,310 - WARNING - Not enough key fields for similarity analysis
2025-08-22 15:22:22,321 - INFO - Processing file: 20250822_143048_DataPM_result_batch_2.csv
2025-08-22 15:22:22,335 - INFO - Analyzing 10 records for absolute duplicates...
2025-08-22 15:22:22,339 - INFO - No absolute duplicates found
2025-08-22 15:22:22,341 - INFO - Analyzing 10 records for similar duplicates...
2025-08-22 15:22:22,341 - WARNING - Not enough key fields for similarity analysis
2025-08-22 15:22:22,353 - INFO - Processing file: 20250822_143048_DataPM_result_batch_3.csv
2025-08-22 15:22:22,361 - INFO - Analyzing 10 records for absolute duplicates...
2025-08-22 15:22:22,363 - INFO - No absolute duplicates found
2025-08-22 15:22:22,366 - INFO - Analyzing 10 records for similar duplicates...
2025-08-22 15:22:22,367 - WARNING - Not enough key fields for similarity analysis
2025-08-22 15:22:22,374 - INFO - Processing file: 20250822_143048_DataPM_result_batch_4.csv
2025-08-22 15:22:22,386 - INFO - Analyzing 10 records for absolute duplicates...
2025-08-22 15:22:22,388 - INFO - No absolute duplicates found
2025-08-22 15:22:22,389 - INFO - Analyzing 10 records for similar duplicates...
2025-08-22 15:22:22,390 - WARNING - Not enough key fields for similarity analysis
2025-08-22 15:22:22,396 - INFO - Processing file: 20250822_143048_DataPM_result_batch_5.csv
2025-08-22 15:22:22,410 - INFO - Analyzing 2 records for absolute duplicates...
2025-08-22 15:22:22,412 - INFO - No absolute duplicates found
2025-08-22 15:22:22,413 - INFO - Analyzing 2 records for similar duplicates...
2025-08-22 15:22:22,413 - WARNING - Not enough key fields for similarity analysis
